<?xml version="1.0" encoding="UTF-8"?>
<!-- Generated by org.testng.reporters.JUnitReportReporter -->
<testsuite hostname="DESKTOP-MN0A3FR" failures="0" tests="1" name="testCase.pracs" time="0.008" errors="0" timestamp="31 Aug 2021 14:11:09 GMT" skipped="0">
  <testcase classname="testCase.pracs" name="MyReviewPage" time="0.008"/>
</testsuite> <!-- testCase.pracs -->
